*********************************************
O selo de id TJDFT20210220147562HVOI nÃ?Â£o foi atualizado, porque estÃ?Â¡ cancelado.
Data/hora: 06/01/2022 11:55:05

*********************************************
O selo de id TJDFT20210220147248BKBO nÃ?Â£o foi atualizado, porque estÃ?Â¡ cancelado.
Data/hora: 06/01/2022 11:55:05

*********************************************
O selo de id TJDFT20210220130428ZHRE nÃ?Â£o foi atualizado, porque estÃ?Â¡ cancelado.
Data/hora: 06/01/2022 11:55:05

*********************************************
O selo de id TJDFT20210220130429ODIV nÃ?Â£o foi atualizado, porque estÃ?Â¡ cancelado.
Data/hora: 06/01/2022 11:55:05

*********************************************
O selo de id TJDFT20210220146520TBJT nÃ?Â£o foi atualizado, porque estÃ?Â¡ cancelado.
Data/hora: 06/01/2022 11:55:05

*********************************************
O selo de id TJDFT20210220146519WGTH nÃ?Â£o foi atualizado, porque estÃ?Â¡ cancelado.
Data/hora: 06/01/2022 11:55:05

*********************************************
O selo de id TJDFT20210220146525YFBE nÃ?Â£o foi atualizado, porque estÃ?Â¡ cancelado.
Data/hora: 06/01/2022 11:55:05

*********************************************
O selo de id TJDFT20210220146500YXJA nÃ?Â£o foi atualizado, porque estÃ?Â¡ cancelado.
Data/hora: 06/01/2022 11:55:05

*********************************************
O selo de id TJDFT20210220146499AGDO nÃ?Â£o foi atualizado, porque estÃ?Â¡ cancelado.
Data/hora: 06/01/2022 11:55:05

*********************************************
O selo de id TJDFT20210220146498BCEO nÃ?Â£o foi atualizado, porque estÃ?Â¡ cancelado.
Data/hora: 06/01/2022 11:55:05

*********************************************
O selo de id TJDFT20210220146517BRFI nÃ?Â£o foi atualizado, porque estÃ?Â¡ cancelado.
Data/hora: 06/01/2022 11:55:05

*********************************************
O selo de id TJDFT20210220146497WCEF nÃ?Â£o foi atualizado, porque estÃ?Â¡ cancelado.
Data/hora: 06/01/2022 11:55:05

*********************************************
O selo de id TJDFT20210220146516OMDL nÃ?Â£o foi atualizado, porque estÃ?Â¡ cancelado.
Data/hora: 06/01/2022 11:55:05

*********************************************
O selo de id TJDFT20210220146598LDVE nÃ?Â£o foi atualizado, porque estÃ?Â¡ cancelado.
Data/hora: 06/01/2022 11:55:05

*********************************************
O selo de id TJDFT20210220146511XMHM nÃ?Â£o foi atualizado, porque estÃ?Â¡ cancelado.
Data/hora: 06/01/2022 11:55:05

*********************************************
O selo de id TJDFT20210220146492QIZH nÃ?Â£o foi atualizado, porque estÃ?Â¡ cancelado.
Data/hora: 06/01/2022 11:55:05

*********************************************
O selo de id TJDFT20210220146493LNOF nÃ?Â£o foi atualizado, porque estÃ?Â¡ cancelado.
Data/hora: 06/01/2022 11:55:05

*********************************************
O selo de id TJDFT20210220146566DBFZ nÃ?Â£o foi atualizado, porque estÃ?Â¡ cancelado.
Data/hora: 06/01/2022 11:55:06

*********************************************
O selo de id TJDFT20210220146507GHOJ nÃ?Â£o foi atualizado, porque estÃ?Â¡ cancelado.
Data/hora: 06/01/2022 11:55:06

*********************************************
O selo de id TJDFT20210220147561JLOS nÃ?Â£o foi atualizado, porque estÃ?Â¡ cancelado.
Data/hora: 06/01/2022 11:55:06

*********************************************
O selo de id TJDFT20210220146495RSDE nÃ?Â£o foi atualizado, porque estÃ?Â¡ cancelado.
Data/hora: 06/01/2022 11:55:06

*********************************************
O selo de id TJDFT20210220146487RWMD nÃ?Â£o foi atualizado, porque estÃ?Â¡ cancelado.
Data/hora: 06/01/2022 11:55:06

*********************************************
O selo de id TJDFT20210220124360ZNHO nÃ?Â£o foi atualizado, porque estÃ?Â¡ cancelado.
Data/hora: 06/01/2022 11:55:06

*********************************************
179 selo(s) foram atualizados com sucesso!

23 selo(s) nÃ?Â£o foram atualizados, porque estÃ?Â£o com erro(s)!
Data/hora: 06/01/2022 11:55:08

